<?xml version="1.0" encoding="UTF-8"?>
<testsuite xmlns:xsi="http://www.w3.org/2001/XMLSchema-instance" xsi:noNamespaceSchemaLocation="https://maven.apache.org/surefire/maven-surefire-plugin/xsd/surefire-test-report-3.0.xsd" version="3.0" name="com.govardhan.AppTest" time="0.038" tests="5" errors="0" skipped="0" failures="0">
  <properties>
[...]
</properties>
  <testcase name="testAdd" classname="com.govardhan.AppTest" time="0.001"/>
  <testcase name="testSub" classname="com.govardhan.AppTest" time="0.0"/>
  <testcase name="AssertionTest" classname="com.govardhan.AppTest" time="0.0"/>
  <testcase name="sampleTest2" classname="com.govardhan.AppTest" time="0.0"/>
  <testcase name="sampleTest" classname="com.govardhan.AppTest" time="0.0"/>
</testsuite>